Running wget-20210726150658_2006-2050_2021Jul27.sh version: 1.3.2
Use wget-20210726150658_2006-2050_2021Jul27.sh -h for help.

Script created for 101 file(s)
(The count won't match if you manually edit this file!)



./wget-20210726150658_2006-2050_2021Jul27.sh: line 1049: read: read error: 0: Bad file descriptor
./wget-20210726150658_2006-2050_2021Jul27.sh: line 1066: read: read error: 0: Bad file descriptor


zos_Omon_CMCC-CM2-VHR4_control-1950_r1i1p1f1_gn_200601-200612.nc ...Downloading
  sha256 ok. done!
zos_Omon_CMCC-CM2-VHR4_control-1950_r1i1p1f1_gn_200701-200712.nc ...Downloading
  sha256 ok. done!
zos_Omon_CMCC-CM2-VHR4_control-1950_r1i1p1f1_gn_200801-200812.nc ...Downloading
  sha256 ok. done!
zos_Omon_CMCC-CM2-VHR4_control-1950_r1i1p1f1_gn_200901-200912.nc ...Downloading
  sha256 ok. done!
zos_Omon_CMCC-CM2-VHR4_control-1950_r1i1p1f1_gn_201001-201012.nc ...Downloading
  sha256 ok. done!
zos_Omon_CMCC-CM2-VHR4_control-1950_r1i1p1f1_gn_201101-201112.nc ...Downloading
  sha256 ok. done!
zos_Omon_CMCC-CM2-VHR4_control-1950_r1i1p1f1_gn_201201-201212.nc ...Downloading
  sha256 ok. done!
zos_Omon_CMCC-CM2-VHR4_control-1950_r1i1p1f1_gn_201301-201312.nc ...Downloading
  sha256 ok. done!
zos_Omon_CMCC-CM2-VHR4_control-1950_r1i1p1f1_gn_201401-201412.nc ...Downloading
  sha256 ok. done!
zos_Omon_CMCC-CM2-VHR4_control-1950_r1i1p1f1_gn_201501-201512.nc ...Downloading
  sha256 ok. done!
zos_Omon_CMCC-CM2-VHR4_control-1950_r1i1p1f1_gn_201601-201612.nc ...Downloading
  sha256 ok. done!
zos_Omon_CMCC-CM2-VHR4_control-1950_r1i1p1f1_gn_201701-201712.nc ...Downloading
  sha256 ok. done!
zos_Omon_CMCC-CM2-VHR4_control-1950_r1i1p1f1_gn_201801-201812.nc ...Downloading
  sha256 ok. done!
zos_Omon_CMCC-CM2-VHR4_control-1950_r1i1p1f1_gn_201901-201912.nc ...Downloading
  sha256 ok. done!
zos_Omon_CMCC-CM2-VHR4_control-1950_r1i1p1f1_gn_202001-202012.nc ...Downloading
  sha256 ok. done!
zos_Omon_CMCC-CM2-VHR4_control-1950_r1i1p1f1_gn_202101-202112.nc ...Downloading
  sha256 ok. done!
zos_Omon_CMCC-CM2-VHR4_control-1950_r1i1p1f1_gn_202201-202212.nc ...Downloading
  sha256 ok. done!
zos_Omon_CMCC-CM2-VHR4_control-1950_r1i1p1f1_gn_202301-202312.nc ...Downloading
  sha256 ok. done!
zos_Omon_CMCC-CM2-VHR4_control-1950_r1i1p1f1_gn_202401-202412.nc ...Downloading
  sha256 ok. done!
zos_Omon_CMCC-CM2-VHR4_control-1950_r1i1p1f1_gn_202501-202512.nc ...Downloading
  sha256 ok. done!
zos_Omon_CMCC-CM2-VHR4_control-1950_r1i1p1f1_gn_202601-202612.nc ...Downloading
  sha256 ok. done!
zos_Omon_CMCC-CM2-VHR4_control-1950_r1i1p1f1_gn_202701-202712.nc ...Downloading
  sha256 ok. done!
zos_Omon_CMCC-CM2-VHR4_control-1950_r1i1p1f1_gn_202801-202812.nc ...Downloading
  sha256 ok. done!
zos_Omon_CMCC-CM2-VHR4_control-1950_r1i1p1f1_gn_202901-202912.nc ...Downloading
  sha256 ok. done!
zos_Omon_CMCC-CM2-VHR4_control-1950_r1i1p1f1_gn_203001-203012.nc ...Downloading
  sha256 ok. done!
zos_Omon_CMCC-CM2-VHR4_control-1950_r1i1p1f1_gn_203101-203112.nc ...Downloading
  sha256 ok. done!
zos_Omon_CMCC-CM2-VHR4_control-1950_r1i1p1f1_gn_203201-203212.nc ...Downloading
  sha256 ok. done!
zos_Omon_CMCC-CM2-VHR4_control-1950_r1i1p1f1_gn_203301-203312.nc ...Downloading
  sha256 ok. done!
zos_Omon_CMCC-CM2-VHR4_control-1950_r1i1p1f1_gn_203401-203412.nc ...Downloading
  sha256 ok. done!
zos_Omon_CMCC-CM2-VHR4_control-1950_r1i1p1f1_gn_203501-203512.nc ...Downloading
  sha256 ok. done!
zos_Omon_CMCC-CM2-VHR4_control-1950_r1i1p1f1_gn_203601-203612.nc ...Downloading
  sha256 ok. done!
zos_Omon_CMCC-CM2-VHR4_control-1950_r1i1p1f1_gn_203701-203712.nc ...Downloading
  sha256 ok. done!
zos_Omon_CMCC-CM2-VHR4_control-1950_r1i1p1f1_gn_203801-203812.nc ...Downloading
  sha256 ok. done!
zos_Omon_CMCC-CM2-VHR4_control-1950_r1i1p1f1_gn_203901-203912.nc ...Downloading
  sha256 ok. done!
zos_Omon_CMCC-CM2-VHR4_control-1950_r1i1p1f1_gn_204001-204012.nc ...Downloading
ERROR : http request to OpenID Relying Party service failed.
download failed
zos_Omon_CMCC-CM2-VHR4_control-1950_r1i1p1f1_gn_204101-204112.nc ...Downloading
ERROR : http request to OpenID Relying Party service failed.
download failed
zos_Omon_CMCC-CM2-VHR4_control-1950_r1i1p1f1_gn_204201-204212.nc ...Downloading
ERROR : http request to OpenID Relying Party service failed.
download failed
zos_Omon_CMCC-CM2-VHR4_control-1950_r1i1p1f1_gn_204301-204312.nc ...Downloading
ERROR : http request to OpenID Relying Party service failed.
download failed
zos_Omon_CMCC-CM2-VHR4_control-1950_r1i1p1f1_gn_204401-204412.nc ...Downloading
ERROR : http request to OpenID Relying Party service failed.
download failed
zos_Omon_CMCC-CM2-VHR4_control-1950_r1i1p1f1_gn_204501-204512.nc ...Downloading
ERROR : http request to OpenID Relying Party service failed.
download failed
zos_Omon_CMCC-CM2-VHR4_control-1950_r1i1p1f1_gn_204601-204612.nc ...Downloading
ERROR : http request to OpenID Relying Party service failed.
download failed
zos_Omon_CMCC-CM2-VHR4_control-1950_r1i1p1f1_gn_204701-204712.nc ...Downloading
ERROR : http request to OpenID Relying Party service failed.
download failed
zos_Omon_CMCC-CM2-VHR4_control-1950_r1i1p1f1_gn_204801-204812.nc ...Downloading
  sha256 ok. done!
zos_Omon_CMCC-CM2-VHR4_control-1950_r1i1p1f1_gn_204901-204912.nc ...Downloading
  sha256 ok. done!
zos_Omon_CMCC-CM2-VHR4_control-1950_r1i1p1f1_gn_205001-205012.nc ...Downloading
  sha256 ok. done!
done
