Running wget-20210730154954.sh version: 1.3.2
Use wget-20210730154954.sh -h for help.

Script created for 1 file(s)
(The count won't match if you manually edit this file!)



Retrieving Federation Certificates...--2021-07-30 09:53:11--  https://github.com/ESGF/esgf-dist/raw/master/installer/certs/esg-truststore.ts
Resolving github.com (github.com)... 140.82.112.3
Connecting to github.com (github.com)|140.82.112.3|:443... connected.
HTTP request sent, awaiting response... 302 Found
Location: https://raw.githubusercontent.com/ESGF/esgf-dist/master/installer/certs/esg-truststore.ts [following]
--2021-07-30 09:53:11--  https://raw.githubusercontent.com/ESGF/esgf-dist/master/installer/certs/esg-truststore.ts
Resolving raw.githubusercontent.com (raw.githubusercontent.com)... 185.199.108.133, 185.199.111.133, 185.199.110.133, ...
Connecting to raw.githubusercontent.com (raw.githubusercontent.com)|185.199.108.133|:443... connected.
HTTP request sent, awaiting response... 200 OK
Length: 50369 (49K) [video/mp2t]
Saving to: ‘/home/dapengli/.esg/esg-truststore.ts’

     0K .......... .......... .......... .......... ......... 100% 7.50M=0.006s

2021-07-30 09:53:12 (7.50 MB/s) - ‘/home/dapengli/.esg/esg-truststore.ts’ saved [50369/50369]

done!
./wget-20210730154954.sh: line 1005: read: read error: 0: Bad file descriptor
./wget-20210730154954.sh: line 1022: read: read error: 0: Bad file descriptor


deptho_Ofx_EC-Earth3P_highres-future_r2i1p2f1_gn.nc ...Downloading
  sha256 ok. done!
done
