Running wget-20210529215544_1960-2014_2021Jul27.sh version: 1.3.2
Use wget-20210529215544_1960-2014_2021Jul27.sh -h for help.

Script created for 65 file(s)
(The count won't match if you manually edit this file!)



./wget-20210529215544_1960-2014_2021Jul27.sh: line 1059: read: read error: 0: Bad file descriptor
./wget-20210529215544_1960-2014_2021Jul27.sh: line 1076: read: read error: 0: Bad file descriptor


zos_Omon_CMCC-CM2-VHR4_hist-1950_r1i1p1f1_gn_196001-196012.nc ...Downloading
  sha256 ok. done!
zos_Omon_CMCC-CM2-VHR4_hist-1950_r1i1p1f1_gn_196101-196112.nc ...Downloading
  sha256 ok. done!
zos_Omon_CMCC-CM2-VHR4_hist-1950_r1i1p1f1_gn_196201-196212.nc ...Downloading
  sha256 ok. done!
zos_Omon_CMCC-CM2-VHR4_hist-1950_r1i1p1f1_gn_196301-196312.nc ...Downloading
  sha256 ok. done!
zos_Omon_CMCC-CM2-VHR4_hist-1950_r1i1p1f1_gn_196401-196412.nc ...Downloading
  sha256 ok. done!
zos_Omon_CMCC-CM2-VHR4_hist-1950_r1i1p1f1_gn_196501-196512.nc ...Downloading
  sha256 ok. done!
zos_Omon_CMCC-CM2-VHR4_hist-1950_r1i1p1f1_gn_196601-196612.nc ...Downloading
  sha256 ok. done!
zos_Omon_CMCC-CM2-VHR4_hist-1950_r1i1p1f1_gn_196701-196712.nc ...Downloading
  sha256 ok. done!
zos_Omon_CMCC-CM2-VHR4_hist-1950_r1i1p1f1_gn_196801-196812.nc ...Downloading
  sha256 ok. done!
zos_Omon_CMCC-CM2-VHR4_hist-1950_r1i1p1f1_gn_196901-196912.nc ...Downloading
  sha256 ok. done!
zos_Omon_CMCC-CM2-VHR4_hist-1950_r1i1p1f1_gn_197001-197012.nc ...Downloading
  sha256 ok. done!
zos_Omon_CMCC-CM2-VHR4_hist-1950_r1i1p1f1_gn_197101-197112.nc ...Downloading
  sha256 ok. done!
zos_Omon_CMCC-CM2-VHR4_hist-1950_r1i1p1f1_gn_197201-197212.nc ...Downloading
  sha256 ok. done!
zos_Omon_CMCC-CM2-VHR4_hist-1950_r1i1p1f1_gn_197301-197312.nc ...Downloading
  sha256 ok. done!
zos_Omon_CMCC-CM2-VHR4_hist-1950_r1i1p1f1_gn_197401-197412.nc ...Downloading
  sha256 ok. done!
zos_Omon_CMCC-CM2-VHR4_hist-1950_r1i1p1f1_gn_197501-197512.nc ...Downloading
  sha256 ok. done!
zos_Omon_CMCC-CM2-VHR4_hist-1950_r1i1p1f1_gn_197601-197612.nc ...Downloading
  sha256 ok. done!
zos_Omon_CMCC-CM2-VHR4_hist-1950_r1i1p1f1_gn_197701-197712.nc ...Downloading
  sha256 ok. done!
zos_Omon_CMCC-CM2-VHR4_hist-1950_r1i1p1f1_gn_197801-197812.nc ...Downloading
  sha256 ok. done!
zos_Omon_CMCC-CM2-VHR4_hist-1950_r1i1p1f1_gn_197901-197912.nc ...Downloading
  sha256 ok. done!
zos_Omon_CMCC-CM2-VHR4_hist-1950_r1i1p1f1_gn_198001-198012.nc ...Downloading
  sha256 ok. done!
zos_Omon_CMCC-CM2-VHR4_hist-1950_r1i1p1f1_gn_198101-198112.nc ...Downloading
  sha256 ok. done!
zos_Omon_CMCC-CM2-VHR4_hist-1950_r1i1p1f1_gn_198201-198212.nc ...Downloading
  sha256 ok. done!
zos_Omon_CMCC-CM2-VHR4_hist-1950_r1i1p1f1_gn_198301-198312.nc ...Downloading
  sha256 ok. done!
zos_Omon_CMCC-CM2-VHR4_hist-1950_r1i1p1f1_gn_198401-198412.nc ...Downloading
  sha256 ok. done!
zos_Omon_CMCC-CM2-VHR4_hist-1950_r1i1p1f1_gn_198501-198512.nc ...Downloading
  sha256 ok. done!
zos_Omon_CMCC-CM2-VHR4_hist-1950_r1i1p1f1_gn_198601-198612.nc ...Downloading
  sha256 ok. done!
zos_Omon_CMCC-CM2-VHR4_hist-1950_r1i1p1f1_gn_198701-198712.nc ...Downloading
  sha256 ok. done!
zos_Omon_CMCC-CM2-VHR4_hist-1950_r1i1p1f1_gn_198801-198812.nc ...Downloading
  sha256 ok. done!
zos_Omon_CMCC-CM2-VHR4_hist-1950_r1i1p1f1_gn_198901-198912.nc ...Downloading
  sha256 ok. done!
zos_Omon_CMCC-CM2-VHR4_hist-1950_r1i1p1f1_gn_199001-199012.nc ...Downloading
  sha256 ok. done!
zos_Omon_CMCC-CM2-VHR4_hist-1950_r1i1p1f1_gn_199101-199112.nc ...Downloading
  sha256 ok. done!
zos_Omon_CMCC-CM2-VHR4_hist-1950_r1i1p1f1_gn_199201-199212.nc ...Downloading
  sha256 ok. done!
zos_Omon_CMCC-CM2-VHR4_hist-1950_r1i1p1f1_gn_199301-199312.nc ...Downloading
  sha256 ok. done!
zos_Omon_CMCC-CM2-VHR4_hist-1950_r1i1p1f1_gn_199401-199412.nc ...Downloading
  sha256 ok. done!
zos_Omon_CMCC-CM2-VHR4_hist-1950_r1i1p1f1_gn_199501-199512.nc ...Downloading
  sha256 ok. done!
zos_Omon_CMCC-CM2-VHR4_hist-1950_r1i1p1f1_gn_199601-199612.nc ...Downloading
  sha256 ok. done!
zos_Omon_CMCC-CM2-VHR4_hist-1950_r1i1p1f1_gn_199701-199712.nc ...Downloading
  sha256 ok. done!
zos_Omon_CMCC-CM2-VHR4_hist-1950_r1i1p1f1_gn_199801-199812.nc ...Downloading
  sha256 ok. done!
zos_Omon_CMCC-CM2-VHR4_hist-1950_r1i1p1f1_gn_199901-199912.nc ...Downloading
  sha256 ok. done!
zos_Omon_CMCC-CM2-VHR4_hist-1950_r1i1p1f1_gn_200001-200012.nc ...Downloading
  sha256 ok. done!
zos_Omon_CMCC-CM2-VHR4_hist-1950_r1i1p1f1_gn_200101-200112.nc ...Downloading
  sha256 ok. done!
zos_Omon_CMCC-CM2-VHR4_hist-1950_r1i1p1f1_gn_200201-200212.nc ...Downloading
  sha256 ok. done!
zos_Omon_CMCC-CM2-VHR4_hist-1950_r1i1p1f1_gn_200301-200312.nc ...Downloading
  sha256 ok. done!
zos_Omon_CMCC-CM2-VHR4_hist-1950_r1i1p1f1_gn_200401-200412.nc ...Downloading
  sha256 ok. done!
zos_Omon_CMCC-CM2-VHR4_hist-1950_r1i1p1f1_gn_200501-200512.nc ...Downloading
  sha256 ok. done!
zos_Omon_CMCC-CM2-VHR4_hist-1950_r1i1p1f1_gn_200601-200612.nc ...Downloading
  sha256 ok. done!
zos_Omon_CMCC-CM2-VHR4_hist-1950_r1i1p1f1_gn_200701-200712.nc ...Downloading
  sha256 ok. done!
zos_Omon_CMCC-CM2-VHR4_hist-1950_r1i1p1f1_gn_200801-200812.nc ...Downloading
  sha256 ok. done!
zos_Omon_CMCC-CM2-VHR4_hist-1950_r1i1p1f1_gn_200901-200912.nc ...Downloading
  sha256 ok. done!
zos_Omon_CMCC-CM2-VHR4_hist-1950_r1i1p1f1_gn_201001-201012.nc ...Downloading
  sha256 ok. done!
zos_Omon_CMCC-CM2-VHR4_hist-1950_r1i1p1f1_gn_201101-201112.nc ...Downloading
  sha256 ok. done!
zos_Omon_CMCC-CM2-VHR4_hist-1950_r1i1p1f1_gn_201201-201212.nc ...Downloading
  sha256 ok. done!
zos_Omon_CMCC-CM2-VHR4_hist-1950_r1i1p1f1_gn_201301-201312.nc ...Downloading
  sha256 ok. done!
zos_Omon_CMCC-CM2-VHR4_hist-1950_r1i1p1f1_gn_201401-201412.nc ...Downloading
  sha256 ok. done!
done
