Running wget-20210726145508.sh version: 1.3.2
Use wget-20210726145508.sh -h for help.

Script created for 101 file(s)
(The count won't match if you manually edit this file!)



Retrieving Federation Certificates...--2021-07-26 11:52:51--  https://github.com/ESGF/esgf-dist/raw/master/installer/certs/esg-truststore.ts
Resolving github.com (github.com)... 140.82.114.4
Connecting to github.com (github.com)|140.82.114.4|:443... connected.
HTTP request sent, awaiting response... 302 Found
Location: https://raw.githubusercontent.com/ESGF/esgf-dist/master/installer/certs/esg-truststore.ts [following]
--2021-07-26 11:52:51--  https://raw.githubusercontent.com/ESGF/esgf-dist/master/installer/certs/esg-truststore.ts
Resolving raw.githubusercontent.com (raw.githubusercontent.com)... 185.199.111.133, 185.199.110.133, 185.199.109.133, ...
Connecting to raw.githubusercontent.com (raw.githubusercontent.com)|185.199.111.133|:443... connected.
HTTP request sent, awaiting response... 200 OK
Length: 53479 (52K) [video/mp2t]
Saving to: ‘/home/dapengli/.esg/esg-truststore.ts’

     0K .......... .......... .......... .......... .......... 95% 6.99M 0s
    50K ..                                                    100% 14.4M=0.007s

2021-07-26 11:52:51 (7.15 MB/s) - ‘/home/dapengli/.esg/esg-truststore.ts’ saved [53479/53479]

done!
./wget-20210726145508.sh: line 1105: read: read error: 0: Bad file descriptor
./wget-20210726145508.sh: line 1122: read: read error: 0: Bad file descriptor


zos_Omon_CMCC-CM2-HR4_control-1950_r1i1p1f1_gn_195001-195012.nc ...Downloading
  sha256 ok. done!
zos_Omon_CMCC-CM2-HR4_control-1950_r1i1p1f1_gn_195101-195112.nc ...Downloading
  sha256 ok. done!
zos_Omon_CMCC-CM2-HR4_control-1950_r1i1p1f1_gn_195201-195212.nc ...Downloading
  sha256 ok. done!
zos_Omon_CMCC-CM2-HR4_control-1950_r1i1p1f1_gn_195301-195312.nc ...Downloading
  sha256 ok. done!
zos_Omon_CMCC-CM2-HR4_control-1950_r1i1p1f1_gn_195401-195412.nc ...Downloading
  sha256 ok. done!
zos_Omon_CMCC-CM2-HR4_control-1950_r1i1p1f1_gn_195501-195512.nc ...Downloading
  sha256 ok. done!
zos_Omon_CMCC-CM2-HR4_control-1950_r1i1p1f1_gn_195601-195612.nc ...Downloading
  sha256 ok. done!
zos_Omon_CMCC-CM2-HR4_control-1950_r1i1p1f1_gn_195701-195712.nc ...Downloading
  sha256 ok. done!
zos_Omon_CMCC-CM2-HR4_control-1950_r1i1p1f1_gn_195801-195812.nc ...Downloading
  sha256 ok. done!
zos_Omon_CMCC-CM2-HR4_control-1950_r1i1p1f1_gn_195901-195912.nc ...Downloading
  sha256 ok. done!
zos_Omon_CMCC-CM2-HR4_control-1950_r1i1p1f1_gn_196001-196012.nc ...Downloading
  sha256 ok. done!
zos_Omon_CMCC-CM2-HR4_control-1950_r1i1p1f1_gn_196101-196112.nc ...Downloading
  sha256 ok. done!
zos_Omon_CMCC-CM2-HR4_control-1950_r1i1p1f1_gn_196201-196212.nc ...Downloading
  sha256 ok. done!
zos_Omon_CMCC-CM2-HR4_control-1950_r1i1p1f1_gn_196301-196312.nc ...Downloading
  sha256 ok. done!
zos_Omon_CMCC-CM2-HR4_control-1950_r1i1p1f1_gn_196401-196412.nc ...Downloading
  sha256 ok. done!
zos_Omon_CMCC-CM2-HR4_control-1950_r1i1p1f1_gn_196501-196512.nc ...Downloading
  sha256 ok. done!
zos_Omon_CMCC-CM2-HR4_control-1950_r1i1p1f1_gn_196601-196612.nc ...Downloading
  sha256 ok. done!
zos_Omon_CMCC-CM2-HR4_control-1950_r1i1p1f1_gn_196701-196712.nc ...Downloading
  sha256 ok. done!
zos_Omon_CMCC-CM2-HR4_control-1950_r1i1p1f1_gn_196801-196812.nc ...Downloading
  sha256 ok. done!
zos_Omon_CMCC-CM2-HR4_control-1950_r1i1p1f1_gn_196901-196912.nc ...Downloading
  sha256 ok. done!
zos_Omon_CMCC-CM2-HR4_control-1950_r1i1p1f1_gn_197001-197012.nc ...Downloading
  sha256 ok. done!
zos_Omon_CMCC-CM2-HR4_control-1950_r1i1p1f1_gn_197101-197112.nc ...Downloading
  sha256 ok. done!
zos_Omon_CMCC-CM2-HR4_control-1950_r1i1p1f1_gn_197201-197212.nc ...Downloading
  sha256 ok. done!
zos_Omon_CMCC-CM2-HR4_control-1950_r1i1p1f1_gn_197301-197312.nc ...Downloading
  sha256 ok. done!
zos_Omon_CMCC-CM2-HR4_control-1950_r1i1p1f1_gn_197401-197412.nc ...Downloading
  sha256 ok. done!
zos_Omon_CMCC-CM2-HR4_control-1950_r1i1p1f1_gn_197501-197512.nc ...Downloading
  sha256 ok. done!
zos_Omon_CMCC-CM2-HR4_control-1950_r1i1p1f1_gn_197601-197612.nc ...Downloading
  sha256 ok. done!
zos_Omon_CMCC-CM2-HR4_control-1950_r1i1p1f1_gn_197701-197712.nc ...Downloading
  sha256 ok. done!
zos_Omon_CMCC-CM2-HR4_control-1950_r1i1p1f1_gn_197801-197812.nc ...Downloading
  sha256 ok. done!
zos_Omon_CMCC-CM2-HR4_control-1950_r1i1p1f1_gn_197901-197912.nc ...Downloading
  sha256 ok. done!
zos_Omon_CMCC-CM2-HR4_control-1950_r1i1p1f1_gn_198001-198012.nc ...Downloading
  sha256 ok. done!
zos_Omon_CMCC-CM2-HR4_control-1950_r1i1p1f1_gn_198101-198112.nc ...Downloading
  sha256 ok. done!
zos_Omon_CMCC-CM2-HR4_control-1950_r1i1p1f1_gn_198201-198212.nc ...Downloading
  sha256 ok. done!
zos_Omon_CMCC-CM2-HR4_control-1950_r1i1p1f1_gn_198301-198312.nc ...Downloading
  sha256 ok. done!
zos_Omon_CMCC-CM2-HR4_control-1950_r1i1p1f1_gn_198401-198412.nc ...Downloading
  sha256 ok. done!
zos_Omon_CMCC-CM2-HR4_control-1950_r1i1p1f1_gn_198501-198512.nc ...Downloading
  sha256 ok. done!
zos_Omon_CMCC-CM2-HR4_control-1950_r1i1p1f1_gn_198601-198612.nc ...Downloading
  sha256 ok. done!
zos_Omon_CMCC-CM2-HR4_control-1950_r1i1p1f1_gn_198701-198712.nc ...Downloading
  sha256 ok. done!
zos_Omon_CMCC-CM2-HR4_control-1950_r1i1p1f1_gn_198801-198812.nc ...Downloading
  sha256 ok. done!
zos_Omon_CMCC-CM2-HR4_control-1950_r1i1p1f1_gn_198901-198912.nc ...Downloading
  sha256 ok. done!
zos_Omon_CMCC-CM2-HR4_control-1950_r1i1p1f1_gn_199001-199012.nc ...Downloading
  sha256 ok. done!
zos_Omon_CMCC-CM2-HR4_control-1950_r1i1p1f1_gn_199101-199112.nc ...Downloading
  sha256 ok. done!
zos_Omon_CMCC-CM2-HR4_control-1950_r1i1p1f1_gn_199201-199212.nc ...Downloading
  sha256 ok. done!
zos_Omon_CMCC-CM2-HR4_control-1950_r1i1p1f1_gn_199301-199312.nc ...Downloading
  sha256 ok. done!
zos_Omon_CMCC-CM2-HR4_control-1950_r1i1p1f1_gn_199401-199412.nc ...Downloading
  sha256 ok. done!
zos_Omon_CMCC-CM2-HR4_control-1950_r1i1p1f1_gn_199501-199512.nc ...Downloading
  sha256 ok. done!
zos_Omon_CMCC-CM2-HR4_control-1950_r1i1p1f1_gn_199601-199612.nc ...Downloading
  sha256 ok. done!
zos_Omon_CMCC-CM2-HR4_control-1950_r1i1p1f1_gn_199701-199712.nc ...Downloading
  sha256 ok. done!
zos_Omon_CMCC-CM2-HR4_control-1950_r1i1p1f1_gn_199801-199812.nc ...Downloading
  sha256 ok. done!
zos_Omon_CMCC-CM2-HR4_control-1950_r1i1p1f1_gn_199901-199912.nc ...Downloading
  sha256 ok. done!
zos_Omon_CMCC-CM2-HR4_control-1950_r1i1p1f1_gn_200001-200012.nc ...Downloading
  sha256 ok. done!
zos_Omon_CMCC-CM2-HR4_control-1950_r1i1p1f1_gn_200101-200112.nc ...Downloading
  sha256 ok. done!
zos_Omon_CMCC-CM2-HR4_control-1950_r1i1p1f1_gn_200201-200212.nc ...Downloading
  sha256 ok. done!
zos_Omon_CMCC-CM2-HR4_control-1950_r1i1p1f1_gn_200301-200312.nc ...Downloading
  sha256 ok. done!
zos_Omon_CMCC-CM2-HR4_control-1950_r1i1p1f1_gn_200401-200412.nc ...Downloading
  sha256 ok. done!
zos_Omon_CMCC-CM2-HR4_control-1950_r1i1p1f1_gn_200501-200512.nc ...Downloading
  sha256 ok. done!
zos_Omon_CMCC-CM2-HR4_control-1950_r1i1p1f1_gn_200601-200612.nc ...Downloading
  sha256 ok. done!
zos_Omon_CMCC-CM2-HR4_control-1950_r1i1p1f1_gn_200701-200712.nc ...Downloading
  sha256 ok. done!
zos_Omon_CMCC-CM2-HR4_control-1950_r1i1p1f1_gn_200801-200812.nc ...Downloading
  sha256 ok. done!
zos_Omon_CMCC-CM2-HR4_control-1950_r1i1p1f1_gn_200901-200912.nc ...Downloading
  sha256 ok. done!
zos_Omon_CMCC-CM2-HR4_control-1950_r1i1p1f1_gn_201001-201012.nc ...Downloading
  sha256 ok. done!
zos_Omon_CMCC-CM2-HR4_control-1950_r1i1p1f1_gn_201101-201112.nc ...Downloading
  sha256 ok. done!
zos_Omon_CMCC-CM2-HR4_control-1950_r1i1p1f1_gn_201201-201212.nc ...Downloading
  sha256 ok. done!
zos_Omon_CMCC-CM2-HR4_control-1950_r1i1p1f1_gn_201301-201312.nc ...Downloading
  sha256 ok. done!
zos_Omon_CMCC-CM2-HR4_control-1950_r1i1p1f1_gn_201401-201412.nc ...Downloading
  sha256 ok. done!
zos_Omon_CMCC-CM2-HR4_control-1950_r1i1p1f1_gn_201501-201512.nc ...Downloading
  sha256 ok. done!
zos_Omon_CMCC-CM2-HR4_control-1950_r1i1p1f1_gn_201601-201612.nc ...Downloading
  sha256 ok. done!
zos_Omon_CMCC-CM2-HR4_control-1950_r1i1p1f1_gn_201701-201712.nc ...Downloading
  sha256 ok. done!
zos_Omon_CMCC-CM2-HR4_control-1950_r1i1p1f1_gn_201801-201812.nc ...Downloading
  sha256 ok. done!
zos_Omon_CMCC-CM2-HR4_control-1950_r1i1p1f1_gn_201901-201912.nc ...Downloading
  sha256 ok. done!
zos_Omon_CMCC-CM2-HR4_control-1950_r1i1p1f1_gn_202001-202012.nc ...Downloading
  sha256 ok. done!
zos_Omon_CMCC-CM2-HR4_control-1950_r1i1p1f1_gn_202101-202112.nc ...Downloading
  sha256 ok. done!
zos_Omon_CMCC-CM2-HR4_control-1950_r1i1p1f1_gn_202201-202212.nc ...Downloading
  sha256 ok. done!
zos_Omon_CMCC-CM2-HR4_control-1950_r1i1p1f1_gn_202301-202312.nc ...Downloading
  sha256 ok. done!
zos_Omon_CMCC-CM2-HR4_control-1950_r1i1p1f1_gn_202401-202412.nc ...Downloading
  sha256 ok. done!
zos_Omon_CMCC-CM2-HR4_control-1950_r1i1p1f1_gn_202501-202512.nc ...Downloading
  sha256 ok. done!
zos_Omon_CMCC-CM2-HR4_control-1950_r1i1p1f1_gn_202601-202612.nc ...Downloading
  sha256 ok. done!
zos_Omon_CMCC-CM2-HR4_control-1950_r1i1p1f1_gn_202701-202712.nc ...Downloading
  sha256 ok. done!
zos_Omon_CMCC-CM2-HR4_control-1950_r1i1p1f1_gn_202801-202812.nc ...Downloading
  sha256 ok. done!
zos_Omon_CMCC-CM2-HR4_control-1950_r1i1p1f1_gn_202901-202912.nc ...Downloading
  sha256 ok. done!
zos_Omon_CMCC-CM2-HR4_control-1950_r1i1p1f1_gn_203001-203012.nc ...Downloading
  sha256 ok. done!
zos_Omon_CMCC-CM2-HR4_control-1950_r1i1p1f1_gn_203101-203112.nc ...Downloading
  sha256 ok. done!
zos_Omon_CMCC-CM2-HR4_control-1950_r1i1p1f1_gn_203201-203212.nc ...Downloading
  sha256 ok. done!
zos_Omon_CMCC-CM2-HR4_control-1950_r1i1p1f1_gn_203301-203312.nc ...Downloading
  sha256 ok. done!
zos_Omon_CMCC-CM2-HR4_control-1950_r1i1p1f1_gn_203401-203412.nc ...Downloading
  sha256 ok. done!
zos_Omon_CMCC-CM2-HR4_control-1950_r1i1p1f1_gn_203501-203512.nc ...Downloading
  sha256 ok. done!
zos_Omon_CMCC-CM2-HR4_control-1950_r1i1p1f1_gn_203601-203612.nc ...Downloading
  sha256 ok. done!
zos_Omon_CMCC-CM2-HR4_control-1950_r1i1p1f1_gn_203701-203712.nc ...Downloading
  sha256 ok. done!
zos_Omon_CMCC-CM2-HR4_control-1950_r1i1p1f1_gn_203801-203812.nc ...Downloading
  sha256 ok. done!
zos_Omon_CMCC-CM2-HR4_control-1950_r1i1p1f1_gn_203901-203912.nc ...Downloading
  sha256 ok. done!
zos_Omon_CMCC-CM2-HR4_control-1950_r1i1p1f1_gn_204001-204012.nc ...Downloading
  sha256 ok. done!
zos_Omon_CMCC-CM2-HR4_control-1950_r1i1p1f1_gn_204101-204112.nc ...Downloading
  sha256 ok. done!
zos_Omon_CMCC-CM2-HR4_control-1950_r1i1p1f1_gn_204201-204212.nc ...Downloading
  sha256 ok. done!
zos_Omon_CMCC-CM2-HR4_control-1950_r1i1p1f1_gn_204301-204312.nc ...Downloading
  sha256 ok. done!
zos_Omon_CMCC-CM2-HR4_control-1950_r1i1p1f1_gn_204401-204412.nc ...Downloading
  sha256 ok. done!
zos_Omon_CMCC-CM2-HR4_control-1950_r1i1p1f1_gn_204501-204512.nc ...Downloading
  sha256 ok. done!
zos_Omon_CMCC-CM2-HR4_control-1950_r1i1p1f1_gn_204601-204612.nc ...Downloading
  sha256 ok. done!
zos_Omon_CMCC-CM2-HR4_control-1950_r1i1p1f1_gn_204701-204712.nc ...Downloading
  sha256 ok. done!
zos_Omon_CMCC-CM2-HR4_control-1950_r1i1p1f1_gn_204801-204812.nc ...Downloading
  sha256 ok. done!
zos_Omon_CMCC-CM2-HR4_control-1950_r1i1p1f1_gn_204901-204912.nc ...Downloading
  sha256 ok. done!
zos_Omon_CMCC-CM2-HR4_control-1950_r1i1p1f1_gn_205001-205012.nc ...Downloading
  sha256 ok. done!
done
